
The following files have been resolved:
   org.eclipse.jetty:jetty-webapp:jar:9.3.6.v20151106:compile
   postgresql:postgresql:jar:9.1-901.jdbc4:compile
   org.eclipse.jetty.websocket:websocket-client:jar:9.3.6.v20151106:compile
   org.slf4j:slf4j-simple:jar:1.7.21:compile
   com.sparkjava:spark-core:jar:2.5:compile
   org.eclipse.jetty:jetty-security:jar:9.3.6.v20151106:compile
   com.sparkjava:spark-template-thymeleaf:jar:2.3:compile
   org.eclipse.jetty:jetty-http:jar:9.3.6.v20151106:compile
   org.junit.jupiter:junit-jupiter-api:jar:5.0.0-M4:compile
   com.googlecode.json-simple:json-simple:jar:1.1.1:compile
   org.javassist:javassist:jar:3.16.1-GA:compile
   org.eclipse.jetty:jetty-server:jar:9.3.6.v20151106:compile
   org.opentest4j:opentest4j:jar:1.0.0-M2:compile
   org.thymeleaf:thymeleaf:jar:2.1.3.RELEASE:compile
   org.eclipse.jetty:jetty-servlet:jar:9.3.6.v20151106:compile
   javax.servlet:javax.servlet-api:jar:3.1.0:compile
   org.eclipse.jetty:jetty-xml:jar:9.3.6.v20151106:compile
   com.sparkjava:spark-debug-tools:jar:0.5:compile
   org.junit.platform:junit-platform-commons:jar:1.0.0-M4:compile
   org.slf4j:slf4j-api:jar:1.7.13:compile
   org.eclipse.jetty.websocket:websocket-api:jar:9.3.6.v20151106:compile
   org.eclipse.jetty.websocket:websocket-servlet:jar:9.3.6.v20151106:compile
   org.junit.jupiter:junit-jupiter-params:jar:5.0.0-M4:compile
   org.unbescape:unbescape:jar:1.0:compile
   ognl:ognl:jar:3.0.6:compile
   org.eclipse.jetty:jetty-util:jar:9.3.6.v20151106:compile
   org.eclipse.jetty.websocket:websocket-server:jar:9.3.6.v20151106:compile
   org.eclipse.jetty.websocket:websocket-common:jar:9.3.6.v20151106:compile
   junit:junit:jar:4.10:compile
   org.eclipse.jetty:jetty-io:jar:9.3.6.v20151106:compile
   org.hamcrest:hamcrest-core:jar:1.1:compile

